Using pre-set license
Built from '2020.2/release' branch; Version is '2020.2.1f1 (270dd8c3da1c) revision 2559448'; Using compiler version '192528614'; Build Type 'Release'
OS: 'Windows 10  (10.0.0) 64bit' Language: 'en' Physical Memory: 32694 MB
BatchMode: 1, IsHumanControllingUs: 0, StartBugReporterOnCrash: 0, Is64bit: 1, IsPro: 0

 COMMAND LINE ARGUMENTS:
C:\Program Files\Unity\Hub\Editor\2020.2.1f1\Editor\Unity.exe
-adb2
-batchMode
-noUpm
-name
AssetImportWorker0
-projectPath
C:/Users/Owner/Simon
-logFile
Logs/AssetImportWorker0.log
-srvPort
52409
Successfully changed project path to: C:/Users/Owner/Simon
C:/Users/Owner/Simon
Using Asset Import Pipeline V2.
Refreshing native plugins compatible for Editor in 31.63 ms, found 0 plugins.
Preloading 0 native plugins for Editor in 0.00 ms.
Initialize engine version: 2020.2.1f1 (270dd8c3da1c)
[Subsystems] Discovering subsystems at path C:/Program Files/Unity/Hub/Editor/2020.2.1f1/Editor/Data/Resources/UnitySubsystems
[Subsystems] Discovering subsystems at path C:/Users/Owner/Simon/Assets
GfxDevice: creating device client; threaded=0
Direct3D:
    Version:  Direct3D 11.0 [level 11.1]
    Renderer: Intel(R) UHD Graphics 620 (ID=0x5917)
    Vendor:   
    VRAM:     16347 MB
    Driver:   27.20.100.9126
Initialize mono
Mono path[0] = 'C:/Program Files/Unity/Hub/Editor/2020.2.1f1/Editor/Data/Managed'
Mono path[1] = 'C:/Program Files/Unity/Hub/Editor/2020.2.1f1/Editor/Data/MonoBleedingEdge/lib/mono/unityjit'
Mono config path = 'C:/Program Files/Unity/Hub/Editor/2020.2.1f1/Editor/Data/MonoBleedingEdge/etc'
Using monoOptions --debugger-agent=transport=dt_socket,embedding=1,server=y,suspend=n,address=127.0.0.1:56932
Begin MonoManager ReloadAssembly
Registering precompiled unity dll's ...
Register platform support module: C:/Program Files/Unity/Hub/Editor/2020.2.1f1/Editor/Data/PlaybackEngines/WebGLSupport/UnityEditor.WebGL.Extensions.dll
Register platform support module: C:/Program Files/Unity/Hub/Editor/2020.2.1f1/Editor/Data/PlaybackEngines/MacStandaloneSupport/UnityEditor.OSXStandalone.Extensions.dll
Register platform support module: C:/Program Files/Unity/Hub/Editor/2020.2.1f1/Editor/Data/PlaybackEngines/WindowsStandaloneSupport/UnityEditor.WindowsStandalone.Extensions.dll
Register platform support module: C:/Program Files/Unity/Hub/Editor/2020.2.1f1/Editor/Data/PlaybackEngines/LinuxStandaloneSupport/UnityEditor.LinuxStandalone.Extensions.dll
Register platform support module: C:/Program Files/Unity/Hub/Editor/2020.2.1f1/Editor/Data/PlaybackEngines/LuminSupport/UnityEditor.Lumin.Extensions.dll
Registered in 0.008552 seconds.
Native extension for Lumin target not found
Native extension for LinuxStandalone target not found
Native extension for WindowsStandalone target not found
Native extension for OSXStandalone target not found
Native extension for WebGL target not found
Refreshing native plugins compatible for Editor in 35.76 ms, found 0 plugins.
Preloading 0 native plugins for Editor in 0.00 ms.
Invoked RoslynAnalysisRunner static constructor.
RoslynAnalysisRunner will not be running.
RoslynAnalysisRunner has terminated.
Mono: successfully reloaded assembly
- Completed reload, in  4.215 seconds
Platform modules already initialized, skipping
Registering precompiled user dll's ...
Registered in 0.001190 seconds.
Begin MonoManager ReloadAssembly
Native extension for Lumin target not found
Native extension for LinuxStandalone target not found
Native extension for WindowsStandalone target not found
Native extension for OSXStandalone target not found
Native extension for WebGL target not found
Refreshing native plugins compatible for Editor in 0.25 ms, found 0 plugins.
Preloading 0 native plugins for Editor in 0.00 ms.
Invoked RoslynAnalysisRunner static constructor.
RoslynAnalysisRunner will not be running.
RoslynAnalysisRunner has terminated.
Mono: successfully reloaded assembly
- Completed reload, in  1.673 seconds
Platform modules already initialized, skipping
========================================================================
Worker process is ready to serve import requests
Launched and connected shader compiler UnityShaderCompiler.exe after 0.07 seconds
Refreshing native plugins compatible for Editor in 0.23 ms, found 0 plugins.
Preloading 0 native plugins for Editor in 0.00 ms.
Unloading 1095 Unused Serialized files (Serialized files now loaded: 0)
System memory in use before: 56.5 MB.
System memory in use after: 56.5 MB.

Unloading 10 unused Assets to reduce memory usage. Loaded Objects now: 1536.
Total: 2.327500 ms (FindLiveObjects: 0.283500 ms CreateObjectMapping: 0.113800 ms MarkObjects: 1.848300 ms  DeleteObjects: 0.080300 ms)

========================================================================
Received Import Request.
  path: Assets/Materials/YellowButton.mat
  artifactKey: Guid(78f7b26de8da4ae459b57df89637d151) Importer(815301076,1909f56bfc062723c751e8b465ee728b)
Start importing Assets/Materials/YellowButton.mat using Guid(78f7b26de8da4ae459b57df89637d151) Importer(815301076,1909f56bfc062723c751e8b465ee728b)  -> (artifact id: 'e9f4ea3432c4acc0372ba67f0524969f') in 0.598215 seconds
  Import took 0.602778 seconds .

========================================================================
Received Import Request.
  Time since last request: 0.000789 seconds.
  path: Assets/Materials/BlueButtton.mat
  artifactKey: Guid(4edf55a540543c44abad7f208fc6e94d) Importer(815301076,1909f56bfc062723c751e8b465ee728b)
Start importing Assets/Materials/BlueButtton.mat using Guid(4edf55a540543c44abad7f208fc6e94d) Importer(815301076,1909f56bfc062723c751e8b465ee728b)  -> (artifact id: 'd92374fe5ebd8bc868f1c89561405095') in 0.032364 seconds
  Import took 0.036883 seconds .

========================================================================
Received Import Request.
  Time since last request: 0.000440 seconds.
  path: Assets/Materials/GreenButton.mat
  artifactKey: Guid(6ec9a5e9eb098b64894828df7e1fc46a) Importer(815301076,1909f56bfc062723c751e8b465ee728b)
Start importing Assets/Materials/GreenButton.mat using Guid(6ec9a5e9eb098b64894828df7e1fc46a) Importer(815301076,1909f56bfc062723c751e8b465ee728b)  -> (artifact id: '9a9c35c42e3629d1dd2f8d95083361e2') in 0.041642 seconds
  Import took 0.061878 seconds .

========================================================================
Received Import Request.
  Time since last request: 0.000748 seconds.
  path: Assets/Materials/RedButton.mat
  artifactKey: Guid(5cd5976be35142d42b49f6957209751b) Importer(815301076,1909f56bfc062723c751e8b465ee728b)
Start importing Assets/Materials/RedButton.mat using Guid(5cd5976be35142d42b49f6957209751b) Importer(815301076,1909f56bfc062723c751e8b465ee728b)  -> (artifact id: 'be333cf40d05203108b28166b3a9e147') in 0.026283 seconds
  Import took 0.033609 seconds .

========================================================================
Received Import Request.
  Time since last request: 142.067916 seconds.
  path: Assets/Scripts/SimonButton.cs
  artifactKey: Guid(50623084ebdc0c846a626de690a19d2b) Importer(815301076,1909f56bfc062723c751e8b465ee728b)
Start importing Assets/Scripts/SimonButton.cs using Guid(50623084ebdc0c846a626de690a19d2b) Importer(815301076,1909f56bfc062723c751e8b465ee728b)  -> (artifact id: 'f299157ae38c069c13b0a9ae184f6811') in 0.011973 seconds
  Import took 0.015183 seconds .

========================================================================
Received Import Request.
  Time since last request: 13072.997407 seconds.
  path: Assets/Scripts/Player.cs
  artifactKey: Guid(50623084ebdc0c846a626de690a19d2b) Importer(815301076,1909f56bfc062723c751e8b465ee728b)
Start importing Assets/Scripts/Player.cs using Guid(50623084ebdc0c846a626de690a19d2b) Importer(815301076,1909f56bfc062723c751e8b465ee728b)  -> (artifact id: 'd7de8a096fd8185d2339f06b60535980') in 0.011124 seconds
  Import took 0.061509 seconds .

========================================================================
Received Import Request.
  Time since last request: 64.644362 seconds.
  path: Assets/Scripts/Button.cs
  artifactKey: Guid(c59fae50717e6cb4e8bc7828f2a0a0ea) Importer(815301076,1909f56bfc062723c751e8b465ee728b)
Start importing Assets/Scripts/Button.cs using Guid(c59fae50717e6cb4e8bc7828f2a0a0ea) Importer(815301076,1909f56bfc062723c751e8b465ee728b)  -> (artifact id: '1e811c5cfb0e084704ea3c53ea117cd1') in 0.007888 seconds
  Import took 0.011600 seconds .

========================================================================
Received Import Request.
  Time since last request: 347.975848 seconds.
  path: Assets/Scripts/SimonButton.cs
  artifactKey: Guid(e4fed45aa7acdb5499d52273f90f628a) Importer(815301076,1909f56bfc062723c751e8b465ee728b)
Start importing Assets/Scripts/SimonButton.cs using Guid(e4fed45aa7acdb5499d52273f90f628a) Importer(815301076,1909f56bfc062723c751e8b465ee728b)  -> (artifact id: '44ca52c27a1c5688d2767362d8851b42') in 0.005376 seconds
  Import took 0.009040 seconds .

========================================================================
Received Import Request.
  Time since last request: 2.389327 seconds.
  path: Assets/Scripts/Player.cs
  artifactKey: Guid(50623084ebdc0c846a626de690a19d2b) Importer(815301076,1909f56bfc062723c751e8b465ee728b)
Start importing Assets/Scripts/Player.cs using Guid(50623084ebdc0c846a626de690a19d2b) Importer(815301076,1909f56bfc062723c751e8b465ee728b)  -> (artifact id: 'da6e8951471eeaa948c8d3e0c9d82ebb') in 0.003777 seconds
  Import took 0.007091 seconds .

========================================================================
Received Import Request.
  Time since last request: 36.726302 seconds.
  path: Assets/Scripts/Player.cs
  artifactKey: Guid(e4fed45aa7acdb5499d52273f90f628a) Importer(815301076,1909f56bfc062723c751e8b465ee728b)
Start importing Assets/Scripts/Player.cs using Guid(e4fed45aa7acdb5499d52273f90f628a) Importer(815301076,1909f56bfc062723c751e8b465ee728b)  -> (artifact id: 'f0dc362bee4dec09dca32d26b342a71b') in 0.004536 seconds
  Import took 0.007620 seconds .

========================================================================
Received Import Request.
  Time since last request: 1783.222261 seconds.
  path: Assets/Scripts/Button.cs
  artifactKey: Guid(c59fae50717e6cb4e8bc7828f2a0a0ea) Importer(815301076,1909f56bfc062723c751e8b465ee728b)
Start importing Assets/Scripts/Button.cs using Guid(c59fae50717e6cb4e8bc7828f2a0a0ea) Importer(815301076,1909f56bfc062723c751e8b465ee728b)  -> (artifact id: '28102bde86d16e9092ce9a4e77db38f1') in 0.004724 seconds
  Import took 0.009312 seconds .

========================================================================
Received Import Request.
  Time since last request: 28.869962 seconds.
  path: ProjectSettings/TagManager.asset
  artifactKey: Guid(00000000000000003000000000000000) Importer(815301076,1909f56bfc062723c751e8b465ee728b)
Start importing ProjectSettings/TagManager.asset using Guid(00000000000000003000000000000000) Importer(815301076,1909f56bfc062723c751e8b465ee728b)  -> (artifact id: '8988b340c206bb1d98ca0d47b0266d3b') in 0.108091 seconds
  Import took 0.111722 seconds .

========================================================================
Received Import Request.
  Time since last request: 245.083604 seconds.
  path: Assets/Scripts/Simon.cs
  artifactKey: Guid(202292d72ac2c7049bbec5dc1a206b95) Importer(815301076,1909f56bfc062723c751e8b465ee728b)
Start importing Assets/Scripts/Simon.cs using Guid(202292d72ac2c7049bbec5dc1a206b95) Importer(815301076,1909f56bfc062723c751e8b465ee728b)  -> (artifact id: 'e7ceee7c4a0e8c366a98ec907b6ed1cd') in 0.006056 seconds
  Import took 0.010661 seconds .

========================================================================
Received Import Request.
  Time since last request: 124.019521 seconds.
  path: Assets/Scripts/Simon.cs
  artifactKey: Guid(202292d72ac2c7049bbec5dc1a206b95) Importer(815301076,1909f56bfc062723c751e8b465ee728b)
Start importing Assets/Scripts/Simon.cs using Guid(202292d72ac2c7049bbec5dc1a206b95) Importer(815301076,1909f56bfc062723c751e8b465ee728b)  -> (artifact id: '143dbb41ccd855559cb42724838ea94a') in 0.006152 seconds
  Import took 0.011172 seconds .

========================================================================
Received Import Request.
  Time since last request: 1465.531196 seconds.
  path: Assets/Scripts/Simon.cs
  artifactKey: Guid(202292d72ac2c7049bbec5dc1a206b95) Importer(815301076,1909f56bfc062723c751e8b465ee728b)
Start importing Assets/Scripts/Simon.cs using Guid(202292d72ac2c7049bbec5dc1a206b95) Importer(815301076,1909f56bfc062723c751e8b465ee728b)  -> (artifact id: '114525a80d5eb602e32c44f33e02a916') in 0.004392 seconds
  Import took 0.008610 seconds .

AssetImportWorkerClient::OnTransportError - code=2 error=End of file
